<?xml version="1.0" encoding="UTF-8"?>
<testng-results skipped="0" failed="0" total="1" passed="1">
  <reporter-output>
  </reporter-output>
  <suite name="Default suite" duration-ms="1370" started-at="2019-07-03T07:03:55Z" finished-at="2019-07-03T07:03:56Z">
    <groups>
    </groups>
    <test name="Default test" duration-ms="1370" started-at="2019-07-03T07:03:55Z" finished-at="2019-07-03T07:03:56Z">
      <class name="com.nagarro.RestPractice.GetRequest">
        <test-method status="PASS" signature="getWeatherDetail()[pri:0, instance:com.nagarro.RestPractice.GetRequest@2aafb23c]" name="getWeatherDetail" duration-ms="1356" started-at="2019-07-03T12:33:55Z" finished-at="2019-07-03T12:33:56Z">
          <reporter-output>
          </reporter-output>
        </test-method> <!-- getWeatherDetail -->
      </class> <!-- com.nagarro.RestPractice.GetRequest -->
    </test> <!-- Default test -->
  </suite> <!-- Default suite -->
</testng-results>
